# JRE version: Java(TM) SE Runtime Environment (7.0_80-b15) (build 1.7.0_80-b15)
# Java VM: Java HotSpot(TM) 64-Bit Server VM (24.80-b11 mixed mode linux-amd64 compressed oops)
Heap
 PSYoungGen      total 37376K, used 31735K [0x00000007d6e80000, 0x00000007dc680000, 0x0000000800000000)
  eden space 32256K, 82% used [0x00000007d6e80000,0x00000007d8880438,0x00000007d8e00000)
  from space 5120K, 99% used [0x00000007d8e00000,0x00000007d92fdb50,0x00000007d9300000)
  to   space 12800K, 0% used [0x00000007dba00000,0x00000007dba00000,0x00000007dc680000)
 ParOldGen       total 83968K, used 15206K [0x0000000784c00000, 0x0000000789e00000, 0x00000007d6e80000)
  object space 83968K, 18% used [0x0000000784c00000,0x0000000785ad9af8,0x0000000789e00000)
 PSPermGen       total 46080K, used 45913K [0x000000077fa00000, 0x0000000782700000, 0x0000000784c00000)
  object space 46080K, 99% used [0x000000077fa00000,0x00000007826d67d0,0x0000000782700000)
GC Heap History (10 events):
Event: 0,603 GC heap before
{Heap before GC invocations=1 (full 0):
 PSYoungGen      total 37376K, used 32234K [0x00000007d6e80000, 0x00000007d9800000, 0x0000000800000000)
  eden space 32256K, 99% used [0x00000007d6e80000,0x00000007d8dfab78,0x00000007d8e00000)
  from space 5120K, 0% used [0x00000007d9300000,0x00000007d9300000,0x00000007d9800000)
  to   space 5120K, 0% used [0x00000007d8e00000,0x00000007d8e00000,0x00000007d9300000)
 ParOldGen       total 83968K, used 0K [0x0000000784c00000, 0x0000000789e00000, 0x00000007d6e80000)
  object space 83968K, 0% used [0x0000000784c00000,0x0000000784c00000,0x0000000789e00000)
 PSPermGen       total 21504K, used 10221K [0x000000077fa00000, 0x0000000780f00000, 0x0000000784c00000)
  object space 21504K, 47% used [0x000000077fa00000,0x00000007803fb448,0x0000000780f00000)
Event: 0,608 GC heap after
Heap after GC invocations=1 (full 0):
 PSYoungGen      total 37376K, used 3284K [0x00000007d6e80000, 0x00000007d9800000, 0x0000000800000000)
  eden space 32256K, 0% used [0x00000007d6e80000,0x00000007d6e80000,0x00000007d8e00000)
  from space 5120K, 64% used [0x00000007d8e00000,0x00000007d91353c0,0x00000007d9300000)
  to   space 5120K, 0% used [0x00000007d9300000,0x00000007d9300000,0x00000007d9800000)
 ParOldGen       total 83968K, used 8K [0x0000000784c00000, 0x0000000789e00000, 0x00000007d6e80000)
  object space 83968K, 0% used [0x0000000784c00000,0x0000000784c02000,0x0000000789e00000)
 PSPermGen       total 21504K, used 10221K [0x000000077fa00000, 0x0000000780f00000, 0x0000000784c00000)
  object space 21504K, 47% used [0x000000077fa00000,0x00000007803fb448,0x0000000780f00000)
}
Event: 1,099 GC heap before
{Heap before GC invocations=2 (full 0):
 PSYoungGen      total 37376K, used 35540K [0x00000007d6e80000, 0x00000007d9800000, 0x0000000800000000)
  eden space 32256K, 100% used [0x00000007d6e80000,0x00000007d8e00000,0x00000007d8e00000)
  from space 5120K, 64% used [0x00000007d8e00000,0x00000007d91353c0,0x00000007d9300000)
  to   space 5120K, 0% used [0x00000007d9300000,0x00000007d9300000,0x00000007d9800000)
 ParOldGen       total 83968K, used 8K [0x0000000784c00000, 0x0000000789e00000, 0x00000007d6e80000)
  object space 83968K, 0% used [0x0000000784c00000,0x0000000784c02000,0x0000000789e00000)
 PSPermGen       total 21504K, used 18991K [0x000000077fa00000, 0x0000000780f00000, 0x0000000784c00000)
  object space 21504K, 88% used [0x000000077fa00000,0x0000000780c8be98,0x0000000780f00000)
Event: 1,108 GC heap after
Heap after GC invocations=2 (full 0):
 PSYoungGen      total 37376K, used 5108K [0x00000007d6e80000, 0x00000007db780000, 0x0000000800000000)
  eden space 32256K, 0% used [0x00000007d6e80000,0x00000007d6e80000,0x00000007d8e00000)
  from space 5120K, 99% used [0x00000007d9300000,0x00000007d97fd190,0x00000007d9800000)
  to   space 5120K, 0% used [0x00000007d8e00000,0x00000007d8e00000,0x00000007d9300000)
 ParOldGen       total 83968K, used 2600K [0x0000000784c00000, 0x0000000789e00000, 0x00000007d6e80000)
  object space 83968K, 3% used [0x0000000784c00000,0x0000000784e8a108,0x0000000789e00000)
 PSPermGen       total 21504K, used 18991K [0x000000077fa00000, 0x0000000780f00000, 0x0000000784c00000)
  object space 21504K, 88% used [0x000000077fa00000,0x0000000780c8be98,0x0000000780f00000)
}
Event: 6,211 GC heap before
{Heap before GC invocations=3 (full 0):
 PSYoungGen      total 37376K, used 37364K [0x00000007d6e80000, 0x00000007db780000, 0x0000000800000000)
  eden space 32256K, 100% used [0x00000007d6e80000,0x00000007d8e00000,0x00000007d8e00000)
  from space 5120K, 99% used [0x00000007d9300000,0x00000007d97fd190,0x00000007d9800000)
  to   space 5120K, 0% used [0x00000007d8e00000,0x00000007d8e00000,0x00000007d9300000)
 ParOldGen       total 83968K, used 2600K [0x0000000784c00000, 0x0000000789e00000, 0x00000007d6e80000)
  object space 83968K, 3% used [0x0000000784c00000,0x0000000784e8a108,0x0000000789e00000)
 PSPermGen       total 25600K, used 25287K [0x000000077fa00000, 0x0000000781300000, 0x0000000784c00000)
  object space 25600K, 98% used [0x000000077fa00000,0x00000007812b1df0,0x0000000781300000)
Event: 6,220 GC heap after
Heap after GC invocations=3 (full 0):
 PSYoungGen      total 37376K, used 5095K [0x00000007d6e80000, 0x00000007d9800000, 0x0000000800000000)
  eden space 32256K, 0% used [0x00000007d6e80000,0x00000007d6e80000,0x00000007d8e00000)
  from space 5120K, 99% used [0x00000007d8e00000,0x00000007d92f9e50,0x00000007d9300000)
  to   space 5120K, 0% used [0x00000007d9300000,0x00000007d9300000,0x00000007d9800000)
 ParOldGen       total 83968K, used 6397K [0x0000000784c00000, 0x0000000789e00000, 0x00000007d6e80000)
  object space 83968K, 7% used [0x0000000784c00000,0x000000078523f508,0x0000000789e00000)
 PSPermGen       total 25600K, used 25287K [0x000000077fa00000, 0x0000000781300000, 0x0000000784c00000)
  object space 25600K, 98% used [0x000000077fa00000,0x00000007812b1df0,0x0000000781300000)
}
Event: 7,544 GC heap before
{Heap before GC invocations=4 (full 0):
 PSYoungGen      total 37376K, used 37351K [0x00000007d6e80000, 0x00000007d9800000, 0x0000000800000000)
  eden space 32256K, 100% used [0x00000007d6e80000,0x00000007d8e00000,0x00000007d8e00000)
  from space 5120K, 99% used [0x00000007d8e00000,0x00000007d92f9e50,0x00000007d9300000)
  to   space 5120K, 0% used [0x00000007d9300000,0x00000007d9300000,0x00000007d9800000)
 ParOldGen       total 83968K, used 6397K [0x0000000784c00000, 0x0000000789e00000, 0x00000007d6e80000)
  object space 83968K, 7% used [0x0000000784c00000,0x000000078523f508,0x0000000789e00000)
 PSPermGen       total 31232K, used 31157K [0x000000077fa00000, 0x0000000781880000, 0x0000000784c00000)
  object space 31232K, 99% used [0x000000077fa00000,0x000000078186d5c0,0x0000000781880000)
Event: 7,555 GC heap after
Heap after GC invocations=4 (full 0):
 PSYoungGen      total 37376K, used 5110K [0x00000007d6e80000, 0x00000007d9800000, 0x0000000800000000)
  eden space 32256K, 0% used [0x00000007d6e80000,0x00000007d6e80000,0x00000007d8e00000)
  from space 5120K, 99% used [0x00000007d9300000,0x00000007d97fd8f8,0x00000007d9800000)
  to   space 5120K, 0% used [0x00000007d8e00000,0x00000007d8e00000,0x00000007d9300000)
 ParOldGen       total 83968K, used 11804K [0x0000000784c00000, 0x0000000789e00000, 0x00000007d6e80000)
  object space 83968K, 14% used [0x0000000784c00000,0x0000000785787288,0x0000000789e00000)
 PSPermGen       total 31232K, used 31157K [0x000000077fa00000, 0x0000000781880000, 0x0000000784c00000)
  object space 31232K, 99% used [0x000000077fa00000,0x000000078186d5c0,0x0000000781880000)
}
Event: 8,137 GC heap before
{Heap before GC invocations=5 (full 0):
 PSYoungGen      total 37376K, used 37366K [0x00000007d6e80000, 0x00000007d9800000, 0x0000000800000000)
  eden space 32256K, 100% used [0x00000007d6e80000,0x00000007d8e00000,0x00000007d8e00000)
  from space 5120K, 99% used [0x00000007d9300000,0x00000007d97fd8f8,0x00000007d9800000)
  to   space 5120K, 0% used [0x00000007d8e00000,0x00000007d8e00000,0x00000007d9300000)
 ParOldGen       total 83968K, used 11804K [0x0000000784c00000, 0x0000000789e00000, 0x00000007d6e80000)
  object space 83968K, 14% used [0x0000000784c00000,0x0000000785787288,0x0000000789e00000)
 PSPermGen       total 36352K, used 36066K [0x000000077fa00000, 0x0000000781d80000, 0x0000000784c00000)
  object space 36352K, 99% used [0x000000077fa00000,0x0000000781d38840,0x0000000781d80000)
Event: 8,148 GC heap after
Heap after GC invocations=5 (full 0):
 PSYoungGen      total 37376K, used 5110K [0x00000007d6e80000, 0x00000007dc680000, 0x0000000800000000)
  eden space 32256K, 0% used [0x00000007d6e80000,0x00000007d6e80000,0x00000007d8e00000)
  from space 5120K, 99% used [0x00000007d8e00000,0x00000007d92fdb50,0x00000007d9300000)
  to   space 12800K, 0% used [0x00000007dba00000,0x00000007dba00000,0x00000007dc680000)
 ParOldGen       total 83968K, used 15206K [0x0000000784c00000, 0x0000000789e00000, 0x00000007d6e80000)
  object space 83968K, 18% used [0x0000000784c00000,0x0000000785ad9af8,0x0000000789e00000)
 PSPermGen       total 36352K, used 36066K [0x000000077fa00000, 0x0000000781d80000, 0x0000000784c00000)
  object space 36352K, 99% used [0x000000077fa00000,0x0000000781d38840,0x0000000781d80000)
}

